╔════════════════════════════════════╗
║  OFS - Complete Implementation     ║
╚════════════════════════════════════╝
[*] Initializing storage...
[*] Creating new filesystem...
[*] Loading users...
[*] Creating socket...
[*] Binding to port 9000...
[✓] Server running on http://localhost:9000
[✓] Open http://localhost:9000 in your browser
[✓] Default login: admin / admin123

[HTTP] GET /
[HTTP] POST /api/login
[HTTP] POST /user/login
[HTTP] GET /
[HTTP] GET /web/style.css
[HTTP] GET /web/script.js
[HTTP] GET /favicon.ico
[HTTP] POST /user/signup
[HTTP] POST /user/login
[HTTP] GET /
[HTTP] GET /web/style.css
[HTTP] GET /web/script.js
[HTTP] POST /user/login
[HTTP] GET /
[HTTP] GET /web/style.css
[HTTP] GET /web/script.js
[HTTP] GET /
[HTTP] GET /web/style.css
[HTTP] GET /web/script.js
[HTTP] GET /
[HTTP] GET /web/style.css
[HTTP] GET /web/script.js
[HTTP] GET /
[HTTP] GET /web/style.css
[HTTP] GET /web/script.js
[HTTP] GET /
[HTTP] GET /web/style.css
[HTTP] GET /web/script.js
[HTTP] GET /
[HTTP] GET /web/style.css
[HTTP] GET /web/script.js
[HTTP] GET /
[HTTP] GET /web/style.css
[HTTP] GET /web/script.js
[HTTP] GET /
[HTTP] GET /web/style.css
[HTTP] GET /web/script.js
